[0.735s] Invoking command in '/home/pouria/Documents/Lidar_based_MPC_CBF_github/LiDAR_based-MPC_CBF/src/lidar_clustring': PYTHONPATH=/home/pouria/Documents/Lidar_based_MPC_CBF_github/LiDAR_based-MPC_CBF/build/lidar_clustring/prefix_override:/usr/lib/python3/dist-packages/colcon_core/task/python/colcon_distutils_commands:/home/pouria/Documents/Lidar_based_MPC_CBF_github/LiDAR_based-MPC_CBF/install/lidar_clustring/lib/python3.10/site-packages:${PYTHONPATH} /usr/bin/python3 -W ignore:setup.py install is deprecated setup.py egg_info --egg-base ../../build/lidar_clustring build --build-base /home/pouria/Documents/Lidar_based_MPC_CBF_github/LiDAR_based-MPC_CBF/build/lidar_clustring/build install --record /home/pouria/Documents/Lidar_based_MPC_CBF_github/LiDAR_based-MPC_CBF/build/lidar_clustring/install.log --single-version-externally-managed install_data
[0.923s] running egg_info
[0.923s] writing ../../build/lidar_clustring/lidar_clustring.egg-info/PKG-INFO
[0.923s] writing dependency_links to ../../build/lidar_clustring/lidar_clustring.egg-info/dependency_links.txt
[0.923s] writing entry points to ../../build/lidar_clustring/lidar_clustring.egg-info/entry_points.txt
[0.924s] writing requirements to ../../build/lidar_clustring/lidar_clustring.egg-info/requires.txt
[0.924s] writing top-level names to ../../build/lidar_clustring/lidar_clustring.egg-info/top_level.txt
[0.925s] reading manifest file '../../build/lidar_clustring/lidar_clustring.egg-info/SOURCES.txt'
[0.925s] writing manifest file '../../build/lidar_clustring/lidar_clustring.egg-info/SOURCES.txt'
[0.925s] running build
[0.925s] running build_py
[0.926s] running install
[0.926s] running install_lib
[0.926s] running install_data
[0.927s] running install_egg_info
[0.928s] removing '/home/pouria/Documents/Lidar_based_MPC_CBF_github/LiDAR_based-MPC_CBF/install/lidar_clustring/lib/python3.10/site-packages/lidar_clustring-0.0.0-py3.10.egg-info' (and everything under it)
[0.928s] Copying ../../build/lidar_clustring/lidar_clustring.egg-info to /home/pouria/Documents/Lidar_based_MPC_CBF_github/LiDAR_based-MPC_CBF/install/lidar_clustring/lib/python3.10/site-packages/lidar_clustring-0.0.0-py3.10.egg-info
[0.928s] running install_scripts
[0.944s] Installing lidar_clustering_node script to /home/pouria/Documents/Lidar_based_MPC_CBF_github/LiDAR_based-MPC_CBF/install/lidar_clustring/lib/lidar_clustring
[0.945s] writing list of installed files to '/home/pouria/Documents/Lidar_based_MPC_CBF_github/LiDAR_based-MPC_CBF/build/lidar_clustring/install.log'
[0.966s] Invoked command in '/home/pouria/Documents/Lidar_based_MPC_CBF_github/LiDAR_based-MPC_CBF/src/lidar_clustring' returned '0': PYTHONPATH=/home/pouria/Documents/Lidar_based_MPC_CBF_github/LiDAR_based-MPC_CBF/build/lidar_clustring/prefix_override:/usr/lib/python3/dist-packages/colcon_core/task/python/colcon_distutils_commands:/home/pouria/Documents/Lidar_based_MPC_CBF_github/LiDAR_based-MPC_CBF/install/lidar_clustring/lib/python3.10/site-packages:${PYTHONPATH} /usr/bin/python3 -W ignore:setup.py install is deprecated setup.py egg_info --egg-base ../../build/lidar_clustring build --build-base /home/pouria/Documents/Lidar_based_MPC_CBF_github/LiDAR_based-MPC_CBF/build/lidar_clustring/build install --record /home/pouria/Documents/Lidar_based_MPC_CBF_github/LiDAR_based-MPC_CBF/build/lidar_clustring/install.log --single-version-externally-managed install_data
