running egg_info
creating ../../build/lidar_clustring/lidar_clustring.egg-info
writing ../../build/lidar_clustring/lidar_clustring.egg-info/PKG-INFO
writing dependency_links to ../../build/lidar_clustring/lidar_clustring.egg-info/dependency_links.txt
writing entry points to ../../build/lidar_clustring/lidar_clustring.egg-info/entry_points.txt
writing requirements to ../../build/lidar_clustring/lidar_clustring.egg-info/requires.txt
writing top-level names to ../../build/lidar_clustring/lidar_clustring.egg-info/top_level.txt
writing manifest file '../../build/lidar_clustring/lidar_clustring.egg-info/SOURCES.txt'
reading manifest file '../../build/lidar_clustring/lidar_clustring.egg-info/SOURCES.txt'
writing manifest file '../../build/lidar_clustring/lidar_clustring.egg-info/SOURCES.txt'
running build
running build_py
creating /home/pouria/Documents/Lidar_based_MPC_CBF_github/LiDAR_based-MPC_CBF/build/lidar_clustring/build
creating /home/pouria/Documents/Lidar_based_MPC_CBF_github/LiDAR_based-MPC_CBF/build/lidar_clustring/build/lib
creating /home/pouria/Documents/Lidar_based_MPC_CBF_github/LiDAR_based-MPC_CBF/build/lidar_clustring/build/lib/lidar_clustring
copying lidar_clustring/__init__.py -> /home/pouria/Documents/Lidar_based_MPC_CBF_github/LiDAR_based-MPC_CBF/build/lidar_clustring/build/lib/lidar_clustring
copying lidar_clustring/lidar_node.py -> /home/pouria/Documents/Lidar_based_MPC_CBF_github/LiDAR_based-MPC_CBF/build/lidar_clustring/build/lib/lidar_clustring
copying lidar_clustring/try.py -> /home/pouria/Documents/Lidar_based_MPC_CBF_github/LiDAR_based-MPC_CBF/build/lidar_clustring/build/lib/lidar_clustring
running install
running install_lib
creating /home/pouria/Documents/Lidar_based_MPC_CBF_github/LiDAR_based-MPC_CBF/install/lidar_clustring/lib/python3.10/site-packages/lidar_clustring
copying /home/pouria/Documents/Lidar_based_MPC_CBF_github/LiDAR_based-MPC_CBF/build/lidar_clustring/build/lib/lidar_clustring/__init__.py -> /home/pouria/Documents/Lidar_based_MPC_CBF_github/LiDAR_based-MPC_CBF/install/lidar_clustring/lib/python3.10/site-packages/lidar_clustring
copying /home/pouria/Documents/Lidar_based_MPC_CBF_github/LiDAR_based-MPC_CBF/build/lidar_clustring/build/lib/lidar_clustring/lidar_node.py -> /home/pouria/Documents/Lidar_based_MPC_CBF_github/LiDAR_based-MPC_CBF/install/lidar_clustring/lib/python3.10/site-packages/lidar_clustring
copying /home/pouria/Documents/Lidar_based_MPC_CBF_github/LiDAR_based-MPC_CBF/build/lidar_clustring/build/lib/lidar_clustring/try.py -> /home/pouria/Documents/Lidar_based_MPC_CBF_github/LiDAR_based-MPC_CBF/install/lidar_clustring/lib/python3.10/site-packages/lidar_clustring
byte-compiling /home/pouria/Documents/Lidar_based_MPC_CBF_github/LiDAR_based-MPC_CBF/install/lidar_clustring/lib/python3.10/site-packages/lidar_clustring/__init__.py to __init__.cpython-310.pyc
byte-compiling /home/pouria/Documents/Lidar_based_MPC_CBF_github/LiDAR_based-MPC_CBF/install/lidar_clustring/lib/python3.10/site-packages/lidar_clustring/lidar_node.py to lidar_node.cpython-310.pyc
byte-compiling /home/pouria/Documents/Lidar_based_MPC_CBF_github/LiDAR_based-MPC_CBF/install/lidar_clustring/lib/python3.10/site-packages/lidar_clustring/try.py to try.cpython-310.pyc
running install_data
creating /home/pouria/Documents/Lidar_based_MPC_CBF_github/LiDAR_based-MPC_CBF/install/lidar_clustring/share/ament_index
creating /home/pouria/Documents/Lidar_based_MPC_CBF_github/LiDAR_based-MPC_CBF/install/lidar_clustring/share/ament_index/resource_index
creating /home/pouria/Documents/Lidar_based_MPC_CBF_github/LiDAR_based-MPC_CBF/install/lidar_clustring/share/ament_index/resource_index/packages
copying resource/lidar_clustring -> /home/pouria/Documents/Lidar_based_MPC_CBF_github/LiDAR_based-MPC_CBF/install/lidar_clustring/share/ament_index/resource_index/packages
copying package.xml -> /home/pouria/Documents/Lidar_based_MPC_CBF_github/LiDAR_based-MPC_CBF/install/lidar_clustring/share/lidar_clustring
running install_egg_info
Copying ../../build/lidar_clustring/lidar_clustring.egg-info to /home/pouria/Documents/Lidar_based_MPC_CBF_github/LiDAR_based-MPC_CBF/install/lidar_clustring/lib/python3.10/site-packages/lidar_clustring-0.0.0-py3.10.egg-info
running install_scripts
Installing lidar_clustering_node script to /home/pouria/Documents/Lidar_based_MPC_CBF_github/LiDAR_based-MPC_CBF/install/lidar_clustring/lib/lidar_clustring
writing list of installed files to '/home/pouria/Documents/Lidar_based_MPC_CBF_github/LiDAR_based-MPC_CBF/build/lidar_clustring/install.log'
