[0.636s] Invoking command in '/home/pouria/Documents/Lidar_based_MPC_CBF_github/LiDAR_based-MPC_CBF/src/lidar_clustring': PYTHONPATH=/home/pouria/Documents/Lidar_based_MPC_CBF_github/LiDAR_based-MPC_CBF/build/lidar_clustring/prefix_override:/usr/lib/python3/dist-packages/colcon_core/task/python/colcon_distutils_commands:/home/pouria/Documents/Lidar_based_MPC_CBF_github/LiDAR_based-MPC_CBF/install/lidar_clustring/lib/python3.10/site-packages:${PYTHONPATH} /usr/bin/python3 -W ignore:setup.py install is deprecated setup.py egg_info --egg-base ../../build/lidar_clustring build --build-base /home/pouria/Documents/Lidar_based_MPC_CBF_github/LiDAR_based-MPC_CBF/build/lidar_clustring/build install --record /home/pouria/Documents/Lidar_based_MPC_CBF_github/LiDAR_based-MPC_CBF/build/lidar_clustring/install.log --single-version-externally-managed install_data
[0.791s] running egg_info
[0.791s] creating ../../build/lidar_clustring/lidar_clustring.egg-info
[0.792s] writing ../../build/lidar_clustring/lidar_clustring.egg-info/PKG-INFO
[0.792s] writing dependency_links to ../../build/lidar_clustring/lidar_clustring.egg-info/dependency_links.txt
[0.792s] writing entry points to ../../build/lidar_clustring/lidar_clustring.egg-info/entry_points.txt
[0.792s] writing requirements to ../../build/lidar_clustring/lidar_clustring.egg-info/requires.txt
[0.792s] writing top-level names to ../../build/lidar_clustring/lidar_clustring.egg-info/top_level.txt
[0.792s] writing manifest file '../../build/lidar_clustring/lidar_clustring.egg-info/SOURCES.txt'
[0.792s] reading manifest file '../../build/lidar_clustring/lidar_clustring.egg-info/SOURCES.txt'
[0.793s] writing manifest file '../../build/lidar_clustring/lidar_clustring.egg-info/SOURCES.txt'
[0.793s] running build
[0.793s] running build_py
[0.793s] creating /home/pouria/Documents/Lidar_based_MPC_CBF_github/LiDAR_based-MPC_CBF/build/lidar_clustring/build
[0.793s] creating /home/pouria/Documents/Lidar_based_MPC_CBF_github/LiDAR_based-MPC_CBF/build/lidar_clustring/build/lib
[0.793s] creating /home/pouria/Documents/Lidar_based_MPC_CBF_github/LiDAR_based-MPC_CBF/build/lidar_clustring/build/lib/lidar_clustring
[0.793s] copying lidar_clustring/__init__.py -> /home/pouria/Documents/Lidar_based_MPC_CBF_github/LiDAR_based-MPC_CBF/build/lidar_clustring/build/lib/lidar_clustring
[0.793s] copying lidar_clustring/lidar_node.py -> /home/pouria/Documents/Lidar_based_MPC_CBF_github/LiDAR_based-MPC_CBF/build/lidar_clustring/build/lib/lidar_clustring
[0.793s] copying lidar_clustring/try.py -> /home/pouria/Documents/Lidar_based_MPC_CBF_github/LiDAR_based-MPC_CBF/build/lidar_clustring/build/lib/lidar_clustring
[0.793s] running install
[0.793s] running install_lib
[0.794s] creating /home/pouria/Documents/Lidar_based_MPC_CBF_github/LiDAR_based-MPC_CBF/install/lidar_clustring/lib/python3.10/site-packages/lidar_clustring
[0.794s] copying /home/pouria/Documents/Lidar_based_MPC_CBF_github/LiDAR_based-MPC_CBF/build/lidar_clustring/build/lib/lidar_clustring/__init__.py -> /home/pouria/Documents/Lidar_based_MPC_CBF_github/LiDAR_based-MPC_CBF/install/lidar_clustring/lib/python3.10/site-packages/lidar_clustring
[0.794s] copying /home/pouria/Documents/Lidar_based_MPC_CBF_github/LiDAR_based-MPC_CBF/build/lidar_clustring/build/lib/lidar_clustring/lidar_node.py -> /home/pouria/Documents/Lidar_based_MPC_CBF_github/LiDAR_based-MPC_CBF/install/lidar_clustring/lib/python3.10/site-packages/lidar_clustring
[0.794s] copying /home/pouria/Documents/Lidar_based_MPC_CBF_github/LiDAR_based-MPC_CBF/build/lidar_clustring/build/lib/lidar_clustring/try.py -> /home/pouria/Documents/Lidar_based_MPC_CBF_github/LiDAR_based-MPC_CBF/install/lidar_clustring/lib/python3.10/site-packages/lidar_clustring
[0.794s] byte-compiling /home/pouria/Documents/Lidar_based_MPC_CBF_github/LiDAR_based-MPC_CBF/install/lidar_clustring/lib/python3.10/site-packages/lidar_clustring/__init__.py to __init__.cpython-310.pyc
[0.794s] byte-compiling /home/pouria/Documents/Lidar_based_MPC_CBF_github/LiDAR_based-MPC_CBF/install/lidar_clustring/lib/python3.10/site-packages/lidar_clustring/lidar_node.py to lidar_node.cpython-310.pyc
[0.795s] byte-compiling /home/pouria/Documents/Lidar_based_MPC_CBF_github/LiDAR_based-MPC_CBF/install/lidar_clustring/lib/python3.10/site-packages/lidar_clustring/try.py to try.cpython-310.pyc
[0.796s] running install_data
[0.796s] creating /home/pouria/Documents/Lidar_based_MPC_CBF_github/LiDAR_based-MPC_CBF/install/lidar_clustring/share/ament_index
[0.796s] creating /home/pouria/Documents/Lidar_based_MPC_CBF_github/LiDAR_based-MPC_CBF/install/lidar_clustring/share/ament_index/resource_index
[0.796s] creating /home/pouria/Documents/Lidar_based_MPC_CBF_github/LiDAR_based-MPC_CBF/install/lidar_clustring/share/ament_index/resource_index/packages
[0.796s] copying resource/lidar_clustring -> /home/pouria/Documents/Lidar_based_MPC_CBF_github/LiDAR_based-MPC_CBF/install/lidar_clustring/share/ament_index/resource_index/packages
[0.796s] copying package.xml -> /home/pouria/Documents/Lidar_based_MPC_CBF_github/LiDAR_based-MPC_CBF/install/lidar_clustring/share/lidar_clustring
[0.796s] running install_egg_info
[0.797s] Copying ../../build/lidar_clustring/lidar_clustring.egg-info to /home/pouria/Documents/Lidar_based_MPC_CBF_github/LiDAR_based-MPC_CBF/install/lidar_clustring/lib/python3.10/site-packages/lidar_clustring-0.0.0-py3.10.egg-info
[0.798s] running install_scripts
[0.812s] Installing lidar_clustering_node script to /home/pouria/Documents/Lidar_based_MPC_CBF_github/LiDAR_based-MPC_CBF/install/lidar_clustring/lib/lidar_clustring
[0.813s] writing list of installed files to '/home/pouria/Documents/Lidar_based_MPC_CBF_github/LiDAR_based-MPC_CBF/build/lidar_clustring/install.log'
[0.835s] Invoked command in '/home/pouria/Documents/Lidar_based_MPC_CBF_github/LiDAR_based-MPC_CBF/src/lidar_clustring' returned '0': PYTHONPATH=/home/pouria/Documents/Lidar_based_MPC_CBF_github/LiDAR_based-MPC_CBF/build/lidar_clustring/prefix_override:/usr/lib/python3/dist-packages/colcon_core/task/python/colcon_distutils_commands:/home/pouria/Documents/Lidar_based_MPC_CBF_github/LiDAR_based-MPC_CBF/install/lidar_clustring/lib/python3.10/site-packages:${PYTHONPATH} /usr/bin/python3 -W ignore:setup.py install is deprecated setup.py egg_info --egg-base ../../build/lidar_clustring build --build-base /home/pouria/Documents/Lidar_based_MPC_CBF_github/LiDAR_based-MPC_CBF/build/lidar_clustring/build install --record /home/pouria/Documents/Lidar_based_MPC_CBF_github/LiDAR_based-MPC_CBF/build/lidar_clustring/install.log --single-version-externally-managed install_data
