[0.638s] Invoking command in '/home/pouria/Documents/Lidar_based_MPC_CBF_github/LiDAR_based-MPC_CBF/src/controller': PYTHONPATH=/home/pouria/Documents/Lidar_based_MPC_CBF_github/LiDAR_based-MPC_CBF/build/controller/prefix_override:/usr/lib/python3/dist-packages/colcon_core/task/python/colcon_distutils_commands:/home/pouria/Documents/Lidar_based_MPC_CBF_github/LiDAR_based-MPC_CBF/install/controller/lib/python3.10/site-packages:${PYTHONPATH} /usr/bin/python3 -W ignore:setup.py install is deprecated setup.py egg_info --egg-base ../../build/controller build --build-base /home/pouria/Documents/Lidar_based_MPC_CBF_github/LiDAR_based-MPC_CBF/build/controller/build install --record /home/pouria/Documents/Lidar_based_MPC_CBF_github/LiDAR_based-MPC_CBF/build/controller/install.log --single-version-externally-managed install_data
[0.795s] running egg_info
[0.795s] creating ../../build/controller/controller.egg-info
[0.795s] writing ../../build/controller/controller.egg-info/PKG-INFO
[0.795s] writing dependency_links to ../../build/controller/controller.egg-info/dependency_links.txt
[0.795s] writing entry points to ../../build/controller/controller.egg-info/entry_points.txt
[0.795s] writing requirements to ../../build/controller/controller.egg-info/requires.txt
[0.795s] writing top-level names to ../../build/controller/controller.egg-info/top_level.txt
[0.795s] writing manifest file '../../build/controller/controller.egg-info/SOURCES.txt'
[0.796s] reading manifest file '../../build/controller/controller.egg-info/SOURCES.txt'
[0.797s] writing manifest file '../../build/controller/controller.egg-info/SOURCES.txt'
[0.797s] running build
[0.797s] running build_py
[0.797s] creating /home/pouria/Documents/Lidar_based_MPC_CBF_github/LiDAR_based-MPC_CBF/build/controller/build
[0.797s] creating /home/pouria/Documents/Lidar_based_MPC_CBF_github/LiDAR_based-MPC_CBF/build/controller/build/lib
[0.797s] creating /home/pouria/Documents/Lidar_based_MPC_CBF_github/LiDAR_based-MPC_CBF/build/controller/build/lib/controller
[0.797s] copying controller/__init__.py -> /home/pouria/Documents/Lidar_based_MPC_CBF_github/LiDAR_based-MPC_CBF/build/controller/build/lib/controller
[0.797s] copying controller/MPC_CBF.py -> /home/pouria/Documents/Lidar_based_MPC_CBF_github/LiDAR_based-MPC_CBF/build/controller/build/lib/controller
[0.797s] copying controller/try.py -> /home/pouria/Documents/Lidar_based_MPC_CBF_github/LiDAR_based-MPC_CBF/build/controller/build/lib/controller
[0.797s] running install
[0.797s] running install_lib
[0.798s] creating /home/pouria/Documents/Lidar_based_MPC_CBF_github/LiDAR_based-MPC_CBF/install/controller/lib/python3.10/site-packages/controller
[0.798s] copying /home/pouria/Documents/Lidar_based_MPC_CBF_github/LiDAR_based-MPC_CBF/build/controller/build/lib/controller/__init__.py -> /home/pouria/Documents/Lidar_based_MPC_CBF_github/LiDAR_based-MPC_CBF/install/controller/lib/python3.10/site-packages/controller
[0.798s] copying /home/pouria/Documents/Lidar_based_MPC_CBF_github/LiDAR_based-MPC_CBF/build/controller/build/lib/controller/MPC_CBF.py -> /home/pouria/Documents/Lidar_based_MPC_CBF_github/LiDAR_based-MPC_CBF/install/controller/lib/python3.10/site-packages/controller
[0.798s] copying /home/pouria/Documents/Lidar_based_MPC_CBF_github/LiDAR_based-MPC_CBF/build/controller/build/lib/controller/try.py -> /home/pouria/Documents/Lidar_based_MPC_CBF_github/LiDAR_based-MPC_CBF/install/controller/lib/python3.10/site-packages/controller
[0.798s] byte-compiling /home/pouria/Documents/Lidar_based_MPC_CBF_github/LiDAR_based-MPC_CBF/install/controller/lib/python3.10/site-packages/controller/__init__.py to __init__.cpython-310.pyc
[0.798s] byte-compiling /home/pouria/Documents/Lidar_based_MPC_CBF_github/LiDAR_based-MPC_CBF/install/controller/lib/python3.10/site-packages/controller/MPC_CBF.py to MPC_CBF.cpython-310.pyc
[0.800s] byte-compiling /home/pouria/Documents/Lidar_based_MPC_CBF_github/LiDAR_based-MPC_CBF/install/controller/lib/python3.10/site-packages/controller/try.py to try.cpython-310.pyc
[0.800s] running install_data
[0.800s] creating /home/pouria/Documents/Lidar_based_MPC_CBF_github/LiDAR_based-MPC_CBF/install/controller/share/ament_index
[0.801s] creating /home/pouria/Documents/Lidar_based_MPC_CBF_github/LiDAR_based-MPC_CBF/install/controller/share/ament_index/resource_index
[0.801s] creating /home/pouria/Documents/Lidar_based_MPC_CBF_github/LiDAR_based-MPC_CBF/install/controller/share/ament_index/resource_index/packages
[0.801s] copying resource/controller -> /home/pouria/Documents/Lidar_based_MPC_CBF_github/LiDAR_based-MPC_CBF/install/controller/share/ament_index/resource_index/packages
[0.801s] copying package.xml -> /home/pouria/Documents/Lidar_based_MPC_CBF_github/LiDAR_based-MPC_CBF/install/controller/share/controller
[0.801s] running install_egg_info
[0.802s] Copying ../../build/controller/controller.egg-info to /home/pouria/Documents/Lidar_based_MPC_CBF_github/LiDAR_based-MPC_CBF/install/controller/lib/python3.10/site-packages/controller-0.0.0-py3.10.egg-info
[0.802s] running install_scripts
[0.816s] Installing MPC_controller script to /home/pouria/Documents/Lidar_based_MPC_CBF_github/LiDAR_based-MPC_CBF/install/controller/lib/controller
[0.817s] writing list of installed files to '/home/pouria/Documents/Lidar_based_MPC_CBF_github/LiDAR_based-MPC_CBF/build/controller/install.log'
[0.832s] Invoked command in '/home/pouria/Documents/Lidar_based_MPC_CBF_github/LiDAR_based-MPC_CBF/src/controller' returned '0': PYTHONPATH=/home/pouria/Documents/Lidar_based_MPC_CBF_github/LiDAR_based-MPC_CBF/build/controller/prefix_override:/usr/lib/python3/dist-packages/colcon_core/task/python/colcon_distutils_commands:/home/pouria/Documents/Lidar_based_MPC_CBF_github/LiDAR_based-MPC_CBF/install/controller/lib/python3.10/site-packages:${PYTHONPATH} /usr/bin/python3 -W ignore:setup.py install is deprecated setup.py egg_info --egg-base ../../build/controller build --build-base /home/pouria/Documents/Lidar_based_MPC_CBF_github/LiDAR_based-MPC_CBF/build/controller/build install --record /home/pouria/Documents/Lidar_based_MPC_CBF_github/LiDAR_based-MPC_CBF/build/controller/install.log --single-version-externally-managed install_data
