[0.072s] DEBUG:colcon:Command line arguments: ['/usr/bin/colcon', 'build']
[0.072s] DEBUG:colcon:Parsed command line arguments: Namespace(log_base=None, log_level=None, verb_name='build', build_base='build', install_base='install', merge_install=False, symlink_install=False, test_result_base=None, continue_on_error=False, executor='parallel', parallel_workers=20, event_handlers=None, ignore_user_meta=False, metas=['./colcon.meta'], base_paths=['.'], packages_ignore=None, packages_ignore_regex=None, paths=None, packages_up_to=None, packages_up_to_regex=None, packages_above=None, packages_above_and_dependencies=None, packages_above_depth=None, packages_select_by_dep=None, packages_skip_by_dep=None, packages_skip_up_to=None, packages_select_build_failed=False, packages_skip_build_finished=False, packages_select_test_failures=False, packages_skip_test_passed=False, packages_select=None, packages_skip=None, packages_select_regex=None, packages_skip_regex=None, packages_start=None, packages_end=None, allow_overriding=[], cmake_args=None, cmake_target=None, cmake_target_skip_unavailable=False, cmake_clean_cache=False, cmake_clean_first=False, cmake_force_configure=False, ament_cmake_args=None, catkin_cmake_args=None, catkin_skip_building_tests=False, mixin_files=None, mixin=None, verb_parser=<colcon_mixin.mixin.mixin_argument.MixinArgumentDecorator object at 0x73736671c790>, verb_extension=<colcon_core.verb.build.BuildVerb object at 0x7373666ebca0>, main=<bound method BuildVerb.main of <colcon_core.verb.build.BuildVerb object at 0x7373666ebca0>>, mixin_verb=('build',))
[0.178s] Level 1:colcon.colcon_core.package_discovery:discover_packages(colcon_meta) check parameters
[0.178s] Level 1:colcon.colcon_core.package_discovery:discover_packages(recursive) check parameters
[0.178s] Level 1:colcon.colcon_core.package_discovery:discover_packages(ignore) check parameters
[0.178s] Level 1:colcon.colcon_core.package_discovery:discover_packages(path) check parameters
[0.178s] Level 1:colcon.colcon_core.package_discovery:discover_packages(colcon_meta) discover
[0.178s] Level 1:colcon.colcon_core.package_discovery:discover_packages(recursive) discover
[0.178s] INFO:colcon.colcon_core.package_discovery:Crawling recursively for packages in '/home/pouria/Documents/Lidar_based_MPC_CBF_github/LiDAR_based-MPC_CBF'
[0.178s] Level 1:colcon.colcon_core.package_identification:_identify(.) by extensions ['ignore', 'ignore_ament_install']
[0.178s] Level 1:colcon.colcon_core.package_identification:_identify(.) by extension 'ignore'
[0.178s] Level 1:colcon.colcon_core.package_identification:_identify(.) by extension 'ignore_ament_install'
[0.178s] Level 1:colcon.colcon_core.package_identification:_identify(.) by extensions ['colcon_pkg']
[0.178s] Level 1:colcon.colcon_core.package_identification:_identify(.) by extension 'colcon_pkg'
[0.178s] Level 1:colcon.colcon_core.package_identification:_identify(.) by extensions ['colcon_meta']
[0.178s] Level 1:colcon.colcon_core.package_identification:_identify(.) by extension 'colcon_meta'
[0.178s] Level 1:colcon.colcon_core.package_identification:_identify(.) by extensions ['ros']
[0.178s] Level 1:colcon.colcon_core.package_identification:_identify(.) by extension 'ros'
[0.185s] Level 1:colcon.colcon_core.package_identification:_identify(.) by extensions ['cmake', 'python']
[0.185s] Level 1:colcon.colcon_core.package_identification:_identify(.) by extension 'cmake'
[0.185s] Level 1:colcon.colcon_core.package_identification:_identify(.) by extension 'python'
[0.185s] Level 1:colcon.colcon_core.package_identification:_identify(.) by extensions ['python_setup_py']
[0.185s] Level 1:colcon.colcon_core.package_identification:_identify(.) by extension 'python_setup_py'
[0.185s] Level 1:colcon.colcon_core.package_identification:_identify(build) by extensions ['ignore', 'ignore_ament_install']
[0.185s] Level 1:colcon.colcon_core.package_identification:_identify(build) by extension 'ignore'
[0.185s] Level 1:colcon.colcon_core.package_identification:_identify(build) ignored
[0.185s] Level 1:colcon.colcon_core.package_identification:_identify(install) by extensions ['ignore', 'ignore_ament_install']
[0.185s] Level 1:colcon.colcon_core.package_identification:_identify(install) by extension 'ignore'
[0.185s] Level 1:colcon.colcon_core.package_identification:_identify(install) ignored
[0.186s] Level 1:colcon.colcon_core.package_identification:_identify(log) by extensions ['ignore', 'ignore_ament_install']
[0.186s] Level 1:colcon.colcon_core.package_identification:_identify(log) by extension 'ignore'
[0.186s] Level 1:colcon.colcon_core.package_identification:_identify(log) ignored
[0.186s] Level 1:colcon.colcon_core.package_identification:_identify(src) by extensions ['ignore', 'ignore_ament_install']
[0.186s] Level 1:colcon.colcon_core.package_identification:_identify(src) by extension 'ignore'
[0.186s] Level 1:colcon.colcon_core.package_identification:_identify(src) by extension 'ignore_ament_install'
[0.186s] Level 1:colcon.colcon_core.package_identification:_identify(src) by extensions ['colcon_pkg']
[0.186s] Level 1:colcon.colcon_core.package_identification:_identify(src) by extension 'colcon_pkg'
[0.186s] Level 1:colcon.colcon_core.package_identification:_identify(src) by extensions ['colcon_meta']
[0.186s] Level 1:colcon.colcon_core.package_identification:_identify(src) by extension 'colcon_meta'
[0.186s] Level 1:colcon.colcon_core.package_identification:_identify(src) by extensions ['ros']
[0.186s] Level 1:colcon.colcon_core.package_identification:_identify(src) by extension 'ros'
[0.186s] Level 1:colcon.colcon_core.package_identification:_identify(src) by extensions ['cmake', 'python']
[0.186s] Level 1:colcon.colcon_core.package_identification:_identify(src) by extension 'cmake'
[0.186s] Level 1:colcon.colcon_core.package_identification:_identify(src) by extension 'python'
[0.186s] Level 1:colcon.colcon_core.package_identification:_identify(src) by extensions ['python_setup_py']
[0.186s] Level 1:colcon.colcon_core.package_identification:_identify(src) by extension 'python_setup_py'
[0.186s] Level 1:colcon.colcon_core.package_identification:_identify(src/Examples_code) by extensions ['ignore', 'ignore_ament_install']
[0.186s] Level 1:colcon.colcon_core.package_identification:_identify(src/Examples_code) by extension 'ignore'
[0.186s] Level 1:colcon.colcon_core.package_identification:_identify(src/Examples_code) by extension 'ignore_ament_install'
[0.186s] Level 1:colcon.colcon_core.package_identification:_identify(src/Examples_code) by extensions ['colcon_pkg']
[0.186s] Level 1:colcon.colcon_core.package_identification:_identify(src/Examples_code) by extension 'colcon_pkg'
[0.186s] Level 1:colcon.colcon_core.package_identification:_identify(src/Examples_code) by extensions ['colcon_meta']
[0.186s] Level 1:colcon.colcon_core.package_identification:_identify(src/Examples_code) by extension 'colcon_meta'
[0.186s] Level 1:colcon.colcon_core.package_identification:_identify(src/Examples_code) by extensions ['ros']
[0.186s] Level 1:colcon.colcon_core.package_identification:_identify(src/Examples_code) by extension 'ros'
[0.186s] Level 1:colcon.colcon_core.package_identification:_identify(src/Examples_code) by extensions ['cmake', 'python']
[0.186s] Level 1:colcon.colcon_core.package_identification:_identify(src/Examples_code) by extension 'cmake'
[0.186s] Level 1:colcon.colcon_core.package_identification:_identify(src/Examples_code) by extension 'python'
[0.186s] Level 1:colcon.colcon_core.package_identification:_identify(src/Examples_code) by extensions ['python_setup_py']
[0.186s] Level 1:colcon.colcon_core.package_identification:_identify(src/Examples_code) by extension 'python_setup_py'
[0.186s] Level 1:colcon.colcon_core.package_identification:_identify(src/ROS_bags) by extensions ['ignore', 'ignore_ament_install']
[0.186s] Level 1:colcon.colcon_core.package_identification:_identify(src/ROS_bags) by extension 'ignore'
[0.186s] Level 1:colcon.colcon_core.package_identification:_identify(src/ROS_bags) by extension 'ignore_ament_install'
[0.186s] Level 1:colcon.colcon_core.package_identification:_identify(src/ROS_bags) by extensions ['colcon_pkg']
[0.186s] Level 1:colcon.colcon_core.package_identification:_identify(src/ROS_bags) by extension 'colcon_pkg'
[0.186s] Level 1:colcon.colcon_core.package_identification:_identify(src/ROS_bags) by extensions ['colcon_meta']
[0.186s] Level 1:colcon.colcon_core.package_identification:_identify(src/ROS_bags) by extension 'colcon_meta'
[0.187s] Level 1:colcon.colcon_core.package_identification:_identify(src/ROS_bags) by extensions ['ros']
[0.187s] Level 1:colcon.colcon_core.package_identification:_identify(src/ROS_bags) by extension 'ros'
[0.187s] Level 1:colcon.colcon_core.package_identification:_identify(src/ROS_bags) by extensions ['cmake', 'python']
[0.187s] Level 1:colcon.colcon_core.package_identification:_identify(src/ROS_bags) by extension 'cmake'
[0.187s] Level 1:colcon.colcon_core.package_identification:_identify(src/ROS_bags) by extension 'python'
[0.187s] Level 1:colcon.colcon_core.package_identification:_identify(src/ROS_bags) by extensions ['python_setup_py']
[0.187s] Level 1:colcon.colcon_core.package_identification:_identify(src/ROS_bags) by extension 'python_setup_py'
[0.187s] Level 1:colcon.colcon_core.package_identification:_identify(src/ROS_bags/MPC_CBF) by extensions ['ignore', 'ignore_ament_install']
[0.187s] Level 1:colcon.colcon_core.package_identification:_identify(src/ROS_bags/MPC_CBF) by extension 'ignore'
[0.187s] Level 1:colcon.colcon_core.package_identification:_identify(src/ROS_bags/MPC_CBF) by extension 'ignore_ament_install'
[0.187s] Level 1:colcon.colcon_core.package_identification:_identify(src/ROS_bags/MPC_CBF) by extensions ['colcon_pkg']
[0.187s] Level 1:colcon.colcon_core.package_identification:_identify(src/ROS_bags/MPC_CBF) by extension 'colcon_pkg'
[0.187s] Level 1:colcon.colcon_core.package_identification:_identify(src/ROS_bags/MPC_CBF) by extensions ['colcon_meta']
[0.187s] Level 1:colcon.colcon_core.package_identification:_identify(src/ROS_bags/MPC_CBF) by extension 'colcon_meta'
[0.187s] Level 1:colcon.colcon_core.package_identification:_identify(src/ROS_bags/MPC_CBF) by extensions ['ros']
[0.187s] Level 1:colcon.colcon_core.package_identification:_identify(src/ROS_bags/MPC_CBF) by extension 'ros'
[0.187s] Level 1:colcon.colcon_core.package_identification:_identify(src/ROS_bags/MPC_CBF) by extensions ['cmake', 'python']
[0.187s] Level 1:colcon.colcon_core.package_identification:_identify(src/ROS_bags/MPC_CBF) by extension 'cmake'
[0.187s] Level 1:colcon.colcon_core.package_identification:_identify(src/ROS_bags/MPC_CBF) by extension 'python'
[0.187s] Level 1:colcon.colcon_core.package_identification:_identify(src/ROS_bags/MPC_CBF) by extensions ['python_setup_py']
[0.187s] Level 1:colcon.colcon_core.package_identification:_identify(src/ROS_bags/MPC_CBF) by extension 'python_setup_py'
[0.187s] Level 1:colcon.colcon_core.package_identification:_identify(src/ROS_bags/MPC_CBF_gamma_05_N20_Experimental) by extensions ['ignore', 'ignore_ament_install']
[0.187s] Level 1:colcon.colcon_core.package_identification:_identify(src/ROS_bags/MPC_CBF_gamma_05_N20_Experimental) by extension 'ignore'
[0.187s] Level 1:colcon.colcon_core.package_identification:_identify(src/ROS_bags/MPC_CBF_gamma_05_N20_Experimental) by extension 'ignore_ament_install'
[0.187s] Level 1:colcon.colcon_core.package_identification:_identify(src/ROS_bags/MPC_CBF_gamma_05_N20_Experimental) by extensions ['colcon_pkg']
[0.187s] Level 1:colcon.colcon_core.package_identification:_identify(src/ROS_bags/MPC_CBF_gamma_05_N20_Experimental) by extension 'colcon_pkg'
[0.187s] Level 1:colcon.colcon_core.package_identification:_identify(src/ROS_bags/MPC_CBF_gamma_05_N20_Experimental) by extensions ['colcon_meta']
[0.187s] Level 1:colcon.colcon_core.package_identification:_identify(src/ROS_bags/MPC_CBF_gamma_05_N20_Experimental) by extension 'colcon_meta'
[0.187s] Level 1:colcon.colcon_core.package_identification:_identify(src/ROS_bags/MPC_CBF_gamma_05_N20_Experimental) by extensions ['ros']
[0.187s] Level 1:colcon.colcon_core.package_identification:_identify(src/ROS_bags/MPC_CBF_gamma_05_N20_Experimental) by extension 'ros'
[0.187s] Level 1:colcon.colcon_core.package_identification:_identify(src/ROS_bags/MPC_CBF_gamma_05_N20_Experimental) by extensions ['cmake', 'python']
[0.187s] Level 1:colcon.colcon_core.package_identification:_identify(src/ROS_bags/MPC_CBF_gamma_05_N20_Experimental) by extension 'cmake'
[0.187s] Level 1:colcon.colcon_core.package_identification:_identify(src/ROS_bags/MPC_CBF_gamma_05_N20_Experimental) by extension 'python'
[0.187s] Level 1:colcon.colcon_core.package_identification:_identify(src/ROS_bags/MPC_CBF_gamma_05_N20_Experimental) by extensions ['python_setup_py']
[0.187s] Level 1:colcon.colcon_core.package_identification:_identify(src/ROS_bags/MPC_CBF_gamma_05_N20_Experimental) by extension 'python_setup_py'
[0.187s] Level 1:colcon.colcon_core.package_identification:_identify(src/ROS_bags/MPC_CBF_gamma_08_N20_Experimental) by extensions ['ignore', 'ignore_ament_install']
[0.187s] Level 1:colcon.colcon_core.package_identification:_identify(src/ROS_bags/MPC_CBF_gamma_08_N20_Experimental) by extension 'ignore'
[0.187s] Level 1:colcon.colcon_core.package_identification:_identify(src/ROS_bags/MPC_CBF_gamma_08_N20_Experimental) by extension 'ignore_ament_install'
[0.187s] Level 1:colcon.colcon_core.package_identification:_identify(src/ROS_bags/MPC_CBF_gamma_08_N20_Experimental) by extensions ['colcon_pkg']
[0.187s] Level 1:colcon.colcon_core.package_identification:_identify(src/ROS_bags/MPC_CBF_gamma_08_N20_Experimental) by extension 'colcon_pkg'
[0.188s] Level 1:colcon.colcon_core.package_identification:_identify(src/ROS_bags/MPC_CBF_gamma_08_N20_Experimental) by extensions ['colcon_meta']
[0.188s] Level 1:colcon.colcon_core.package_identification:_identify(src/ROS_bags/MPC_CBF_gamma_08_N20_Experimental) by extension 'colcon_meta'
[0.188s] Level 1:colcon.colcon_core.package_identification:_identify(src/ROS_bags/MPC_CBF_gamma_08_N20_Experimental) by extensions ['ros']
[0.188s] Level 1:colcon.colcon_core.package_identification:_identify(src/ROS_bags/MPC_CBF_gamma_08_N20_Experimental) by extension 'ros'
[0.188s] Level 1:colcon.colcon_core.package_identification:_identify(src/ROS_bags/MPC_CBF_gamma_08_N20_Experimental) by extensions ['cmake', 'python']
[0.188s] Level 1:colcon.colcon_core.package_identification:_identify(src/ROS_bags/MPC_CBF_gamma_08_N20_Experimental) by extension 'cmake'
[0.188s] Level 1:colcon.colcon_core.package_identification:_identify(src/ROS_bags/MPC_CBF_gamma_08_N20_Experimental) by extension 'python'
[0.188s] Level 1:colcon.colcon_core.package_identification:_identify(src/ROS_bags/MPC_CBF_gamma_08_N20_Experimental) by extensions ['python_setup_py']
[0.188s] Level 1:colcon.colcon_core.package_identification:_identify(src/ROS_bags/MPC_CBF_gamma_08_N20_Experimental) by extension 'python_setup_py'
[0.188s] Level 1:colcon.colcon_core.package_identification:_identify(src/ROS_bags/MPC_WCBF) by extensions ['ignore', 'ignore_ament_install']
[0.188s] Level 1:colcon.colcon_core.package_identification:_identify(src/ROS_bags/MPC_WCBF) by extension 'ignore'
[0.188s] Level 1:colcon.colcon_core.package_identification:_identify(src/ROS_bags/MPC_WCBF) by extension 'ignore_ament_install'
[0.188s] Level 1:colcon.colcon_core.package_identification:_identify(src/ROS_bags/MPC_WCBF) by extensions ['colcon_pkg']
[0.188s] Level 1:colcon.colcon_core.package_identification:_identify(src/ROS_bags/MPC_WCBF) by extension 'colcon_pkg'
[0.188s] Level 1:colcon.colcon_core.package_identification:_identify(src/ROS_bags/MPC_WCBF) by extensions ['colcon_meta']
[0.188s] Level 1:colcon.colcon_core.package_identification:_identify(src/ROS_bags/MPC_WCBF) by extension 'colcon_meta'
[0.188s] Level 1:colcon.colcon_core.package_identification:_identify(src/ROS_bags/MPC_WCBF) by extensions ['ros']
[0.188s] Level 1:colcon.colcon_core.package_identification:_identify(src/ROS_bags/MPC_WCBF) by extension 'ros'
[0.188s] Level 1:colcon.colcon_core.package_identification:_identify(src/ROS_bags/MPC_WCBF) by extensions ['cmake', 'python']
[0.188s] Level 1:colcon.colcon_core.package_identification:_identify(src/ROS_bags/MPC_WCBF) by extension 'cmake'
[0.188s] Level 1:colcon.colcon_core.package_identification:_identify(src/ROS_bags/MPC_WCBF) by extension 'python'
[0.188s] Level 1:colcon.colcon_core.package_identification:_identify(src/ROS_bags/MPC_WCBF) by extensions ['python_setup_py']
[0.188s] Level 1:colcon.colcon_core.package_identification:_identify(src/ROS_bags/MPC_WCBF) by extension 'python_setup_py'
[0.188s] Level 1:colcon.colcon_core.package_identification:_identify(src/controller) by extensions ['ignore', 'ignore_ament_install']
[0.188s] Level 1:colcon.colcon_core.package_identification:_identify(src/controller) by extension 'ignore'
[0.188s] Level 1:colcon.colcon_core.package_identification:_identify(src/controller) by extension 'ignore_ament_install'
[0.188s] Level 1:colcon.colcon_core.package_identification:_identify(src/controller) by extensions ['colcon_pkg']
[0.188s] Level 1:colcon.colcon_core.package_identification:_identify(src/controller) by extension 'colcon_pkg'
[0.188s] Level 1:colcon.colcon_core.package_identification:_identify(src/controller) by extensions ['colcon_meta']
[0.188s] Level 1:colcon.colcon_core.package_identification:_identify(src/controller) by extension 'colcon_meta'
[0.188s] Level 1:colcon.colcon_core.package_identification:_identify(src/controller) by extensions ['ros']
[0.188s] Level 1:colcon.colcon_core.package_identification:_identify(src/controller) by extension 'ros'
[0.190s] DEBUG:colcon.colcon_core.package_identification:Package 'src/controller' with type 'ros.ament_python' and name 'controller'
[0.190s] Level 1:colcon.colcon_core.package_identification:_identify(src/lidar_clustring) by extensions ['ignore', 'ignore_ament_install']
[0.190s] Level 1:colcon.colcon_core.package_identification:_identify(src/lidar_clustring) by extension 'ignore'
[0.190s] Level 1:colcon.colcon_core.package_identification:_identify(src/lidar_clustring) by extension 'ignore_ament_install'
[0.190s] Level 1:colcon.colcon_core.package_identification:_identify(src/lidar_clustring) by extensions ['colcon_pkg']
[0.190s] Level 1:colcon.colcon_core.package_identification:_identify(src/lidar_clustring) by extension 'colcon_pkg'
[0.190s] Level 1:colcon.colcon_core.package_identification:_identify(src/lidar_clustring) by extensions ['colcon_meta']
[0.190s] Level 1:colcon.colcon_core.package_identification:_identify(src/lidar_clustring) by extension 'colcon_meta'
[0.190s] Level 1:colcon.colcon_core.package_identification:_identify(src/lidar_clustring) by extensions ['ros']
[0.190s] Level 1:colcon.colcon_core.package_identification:_identify(src/lidar_clustring) by extension 'ros'
[0.191s] DEBUG:colcon.colcon_core.package_identification:Package 'src/lidar_clustring' with type 'ros.ament_python' and name 'lidar_clustring'
[0.191s] Level 1:colcon.colcon_core.package_identification:_identify(src/videos) by extensions ['ignore', 'ignore_ament_install']
[0.191s] Level 1:colcon.colcon_core.package_identification:_identify(src/videos) by extension 'ignore'
[0.191s] Level 1:colcon.colcon_core.package_identification:_identify(src/videos) by extension 'ignore_ament_install'
[0.191s] Level 1:colcon.colcon_core.package_identification:_identify(src/videos) by extensions ['colcon_pkg']
[0.191s] Level 1:colcon.colcon_core.package_identification:_identify(src/videos) by extension 'colcon_pkg'
[0.191s] Level 1:colcon.colcon_core.package_identification:_identify(src/videos) by extensions ['colcon_meta']
[0.191s] Level 1:colcon.colcon_core.package_identification:_identify(src/videos) by extension 'colcon_meta'
[0.191s] Level 1:colcon.colcon_core.package_identification:_identify(src/videos) by extensions ['ros']
[0.191s] Level 1:colcon.colcon_core.package_identification:_identify(src/videos) by extension 'ros'
[0.191s] Level 1:colcon.colcon_core.package_identification:_identify(src/videos) by extensions ['cmake', 'python']
[0.191s] Level 1:colcon.colcon_core.package_identification:_identify(src/videos) by extension 'cmake'
[0.191s] Level 1:colcon.colcon_core.package_identification:_identify(src/videos) by extension 'python'
[0.191s] Level 1:colcon.colcon_core.package_identification:_identify(src/videos) by extensions ['python_setup_py']
[0.191s] Level 1:colcon.colcon_core.package_identification:_identify(src/videos) by extension 'python_setup_py'
[0.191s] Level 1:colcon.colcon_core.package_discovery:discover_packages(recursive) using defaults
[0.191s] Level 1:colcon.colcon_core.package_discovery:discover_packages(ignore) discover
[0.191s] Level 1:colcon.colcon_core.package_discovery:discover_packages(ignore) using defaults
[0.191s] Level 1:colcon.colcon_core.package_discovery:discover_packages(path) discover
[0.191s] Level 1:colcon.colcon_core.package_discovery:discover_packages(path) using defaults
[0.210s] Level 1:colcon.colcon_core.package_discovery:discover_packages(prefix_path) check parameters
[0.210s] Level 1:colcon.colcon_core.package_discovery:discover_packages(prefix_path) discover
[0.212s] DEBUG:colcon.colcon_installed_package_information.package_discovery:Found 32 installed packages in /home/pouria/Documents/RosbotXL/rosbot_ws/install
[0.213s] DEBUG:colcon.colcon_installed_package_information.package_discovery:Found 384 installed packages in /opt/ros/humble
[0.215s] Level 1:colcon.colcon_core.package_discovery:discover_packages(prefix_path) using defaults
[0.243s] Level 5:colcon.colcon_core.verb:set package 'controller' build argument 'cmake_args' from command line to 'None'
[0.243s] Level 5:colcon.colcon_core.verb:set package 'controller' build argument 'cmake_target' from command line to 'None'
[0.243s] Level 5:colcon.colcon_core.verb:set package 'controller' build argument 'cmake_target_skip_unavailable' from command line to 'False'
[0.243s] Level 5:colcon.colcon_core.verb:set package 'controller' build argument 'cmake_clean_cache' from command line to 'False'
[0.243s] Level 5:colcon.colcon_core.verb:set package 'controller' build argument 'cmake_clean_first' from command line to 'False'
[0.243s] Level 5:colcon.colcon_core.verb:set package 'controller' build argument 'cmake_force_configure' from command line to 'False'
[0.243s] Level 5:colcon.colcon_core.verb:set package 'controller' build argument 'ament_cmake_args' from command line to 'None'
[0.243s] Level 5:colcon.colcon_core.verb:set package 'controller' build argument 'catkin_cmake_args' from command line to 'None'
[0.243s] Level 5:colcon.colcon_core.verb:set package 'controller' build argument 'catkin_skip_building_tests' from command line to 'False'
[0.243s] DEBUG:colcon.colcon_core.verb:Building package 'controller' with the following arguments: {'ament_cmake_args': None, 'build_base': '/home/pouria/Documents/Lidar_based_MPC_CBF_github/LiDAR_based-MPC_CBF/build/controller', 'catkin_cmake_args': None, 'catkin_skip_building_tests': False, 'cmake_args': None, 'cmake_clean_cache': False, 'cmake_clean_first': False, 'cmake_force_configure': False, 'cmake_target': None, 'cmake_target_skip_unavailable': False, 'install_base': '/home/pouria/Documents/Lidar_based_MPC_CBF_github/LiDAR_based-MPC_CBF/install/controller', 'merge_install': False, 'path': '/home/pouria/Documents/Lidar_based_MPC_CBF_github/LiDAR_based-MPC_CBF/src/controller', 'symlink_install': False, 'test_result_base': None}
[0.243s] Level 5:colcon.colcon_core.verb:set package 'lidar_clustring' build argument 'cmake_args' from command line to 'None'
[0.243s] Level 5:colcon.colcon_core.verb:set package 'lidar_clustring' build argument 'cmake_target' from command line to 'None'
[0.243s] Level 5:colcon.colcon_core.verb:set package 'lidar_clustring' build argument 'cmake_target_skip_unavailable' from command line to 'False'
[0.244s] Level 5:colcon.colcon_core.verb:set package 'lidar_clustring' build argument 'cmake_clean_cache' from command line to 'False'
[0.244s] Level 5:colcon.colcon_core.verb:set package 'lidar_clustring' build argument 'cmake_clean_first' from command line to 'False'
[0.244s] Level 5:colcon.colcon_core.verb:set package 'lidar_clustring' build argument 'cmake_force_configure' from command line to 'False'
[0.244s] Level 5:colcon.colcon_core.verb:set package 'lidar_clustring' build argument 'ament_cmake_args' from command line to 'None'
[0.244s] Level 5:colcon.colcon_core.verb:set package 'lidar_clustring' build argument 'catkin_cmake_args' from command line to 'None'
[0.244s] Level 5:colcon.colcon_core.verb:set package 'lidar_clustring' build argument 'catkin_skip_building_tests' from command line to 'False'
[0.244s] DEBUG:colcon.colcon_core.verb:Building package 'lidar_clustring' with the following arguments: {'ament_cmake_args': None, 'build_base': '/home/pouria/Documents/Lidar_based_MPC_CBF_github/LiDAR_based-MPC_CBF/build/lidar_clustring', 'catkin_cmake_args': None, 'catkin_skip_building_tests': False, 'cmake_args': None, 'cmake_clean_cache': False, 'cmake_clean_first': False, 'cmake_force_configure': False, 'cmake_target': None, 'cmake_target_skip_unavailable': False, 'install_base': '/home/pouria/Documents/Lidar_based_MPC_CBF_github/LiDAR_based-MPC_CBF/install/lidar_clustring', 'merge_install': False, 'path': '/home/pouria/Documents/Lidar_based_MPC_CBF_github/LiDAR_based-MPC_CBF/src/lidar_clustring', 'symlink_install': False, 'test_result_base': None}
[0.244s] INFO:colcon.colcon_core.executor:Executing jobs using 'parallel' executor
[0.244s] DEBUG:colcon.colcon_parallel_executor.executor.parallel:run_until_complete
[0.244s] INFO:colcon.colcon_ros.task.ament_python.build:Building ROS package in '/home/pouria/Documents/Lidar_based_MPC_CBF_github/LiDAR_based-MPC_CBF/src/controller' with build type 'ament_python'
[0.244s] Level 1:colcon.colcon_core.shell:create_environment_hook('controller', 'ament_prefix_path')
[0.246s] INFO:colcon.colcon_core.plugin_system:Skipping extension 'colcon_core.shell.bat': Not used on non-Windows systems
[0.246s] INFO:colcon.colcon_core.shell:Creating environment hook '/home/pouria/Documents/Lidar_based_MPC_CBF_github/LiDAR_based-MPC_CBF/install/controller/share/controller/hook/ament_prefix_path.ps1'
[0.246s] INFO:colcon.colcon_core.shell:Creating environment descriptor '/home/pouria/Documents/Lidar_based_MPC_CBF_github/LiDAR_based-MPC_CBF/install/controller/share/controller/hook/ament_prefix_path.dsv'
[0.247s] INFO:colcon.colcon_core.shell:Creating environment hook '/home/pouria/Documents/Lidar_based_MPC_CBF_github/LiDAR_based-MPC_CBF/install/controller/share/controller/hook/ament_prefix_path.sh'
[0.247s] INFO:colcon.colcon_core.shell:Skip shell extension 'powershell' for command environment: Not usable outside of PowerShell
[0.247s] DEBUG:colcon.colcon_core.shell:Skip shell extension 'dsv' for command environment
[0.250s] INFO:colcon.colcon_ros.task.ament_python.build:Building ROS package in '/home/pouria/Documents/Lidar_based_MPC_CBF_github/LiDAR_based-MPC_CBF/src/lidar_clustring' with build type 'ament_python'
[0.250s] Level 1:colcon.colcon_core.shell:create_environment_hook('lidar_clustring', 'ament_prefix_path')
[0.250s] INFO:colcon.colcon_core.shell:Creating environment hook '/home/pouria/Documents/Lidar_based_MPC_CBF_github/LiDAR_based-MPC_CBF/install/lidar_clustring/share/lidar_clustring/hook/ament_prefix_path.ps1'
[0.251s] INFO:colcon.colcon_core.shell:Creating environment descriptor '/home/pouria/Documents/Lidar_based_MPC_CBF_github/LiDAR_based-MPC_CBF/install/lidar_clustring/share/lidar_clustring/hook/ament_prefix_path.dsv'
[0.251s] INFO:colcon.colcon_core.shell:Creating environment hook '/home/pouria/Documents/Lidar_based_MPC_CBF_github/LiDAR_based-MPC_CBF/install/lidar_clustring/share/lidar_clustring/hook/ament_prefix_path.sh'
[0.251s] INFO:colcon.colcon_core.shell:Skip shell extension 'powershell' for command environment: Not usable outside of PowerShell
[0.251s] DEBUG:colcon.colcon_core.shell:Skip shell extension 'dsv' for command environment
[0.420s] INFO:colcon.colcon_core.task.python.build:Building Python package in '/home/pouria/Documents/Lidar_based_MPC_CBF_github/LiDAR_based-MPC_CBF/src/controller'
[0.420s] INFO:colcon.colcon_core.shell:Skip shell extension 'powershell' for command environment: Not usable outside of PowerShell
[0.420s] DEBUG:colcon.colcon_core.shell:Skip shell extension 'dsv' for command environment
[0.595s] INFO:colcon.colcon_core.task.python.build:Building Python package in '/home/pouria/Documents/Lidar_based_MPC_CBF_github/LiDAR_based-MPC_CBF/src/lidar_clustring'
[0.595s] INFO:colcon.colcon_core.shell:Skip shell extension 'powershell' for command environment: Not usable outside of PowerShell
[0.595s] DEBUG:colcon.colcon_core.shell:Skip shell extension 'dsv' for command environment
[0.841s] DEBUG:colcon.colcon_core.event_handler.log_command:Invoking command in '/home/pouria/Documents/Lidar_based_MPC_CBF_github/LiDAR_based-MPC_CBF/src/lidar_clustring': PYTHONPATH=/home/pouria/Documents/Lidar_based_MPC_CBF_github/LiDAR_based-MPC_CBF/build/lidar_clustring/prefix_override:/usr/lib/python3/dist-packages/colcon_core/task/python/colcon_distutils_commands:/home/pouria/Documents/Lidar_based_MPC_CBF_github/LiDAR_based-MPC_CBF/install/lidar_clustring/lib/python3.10/site-packages:${PYTHONPATH} /usr/bin/python3 -W ignore:setup.py install is deprecated setup.py egg_info --egg-base ../../build/lidar_clustring build --build-base /home/pouria/Documents/Lidar_based_MPC_CBF_github/LiDAR_based-MPC_CBF/build/lidar_clustring/build install --record /home/pouria/Documents/Lidar_based_MPC_CBF_github/LiDAR_based-MPC_CBF/build/lidar_clustring/install.log --single-version-externally-managed install_data
[0.844s] DEBUG:colcon.colcon_core.event_handler.log_command:Invoking command in '/home/pouria/Documents/Lidar_based_MPC_CBF_github/LiDAR_based-MPC_CBF/src/controller': PYTHONPATH=/home/pouria/Documents/Lidar_based_MPC_CBF_github/LiDAR_based-MPC_CBF/build/controller/prefix_override:/usr/lib/python3/dist-packages/colcon_core/task/python/colcon_distutils_commands:/home/pouria/Documents/Lidar_based_MPC_CBF_github/LiDAR_based-MPC_CBF/install/controller/lib/python3.10/site-packages:${PYTHONPATH} /usr/bin/python3 -W ignore:setup.py install is deprecated setup.py egg_info --egg-base ../../build/controller build --build-base /home/pouria/Documents/Lidar_based_MPC_CBF_github/LiDAR_based-MPC_CBF/build/controller/build install --record /home/pouria/Documents/Lidar_based_MPC_CBF_github/LiDAR_based-MPC_CBF/build/controller/install.log --single-version-externally-managed install_data
[1.047s] DEBUG:colcon.colcon_core.event_handler.log_command:Invoked command in '/home/pouria/Documents/Lidar_based_MPC_CBF_github/LiDAR_based-MPC_CBF/src/lidar_clustring' returned '0': PYTHONPATH=/home/pouria/Documents/Lidar_based_MPC_CBF_github/LiDAR_based-MPC_CBF/build/lidar_clustring/prefix_override:/usr/lib/python3/dist-packages/colcon_core/task/python/colcon_distutils_commands:/home/pouria/Documents/Lidar_based_MPC_CBF_github/LiDAR_based-MPC_CBF/install/lidar_clustring/lib/python3.10/site-packages:${PYTHONPATH} /usr/bin/python3 -W ignore:setup.py install is deprecated setup.py egg_info --egg-base ../../build/lidar_clustring build --build-base /home/pouria/Documents/Lidar_based_MPC_CBF_github/LiDAR_based-MPC_CBF/build/lidar_clustring/build install --record /home/pouria/Documents/Lidar_based_MPC_CBF_github/LiDAR_based-MPC_CBF/build/lidar_clustring/install.log --single-version-externally-managed install_data
[1.048s] Level 1:colcon.colcon_core.environment:checking '/home/pouria/Documents/Lidar_based_MPC_CBF_github/LiDAR_based-MPC_CBF/install/lidar_clustring' for CMake module files
[1.048s] Level 1:colcon.colcon_core.environment:checking '/home/pouria/Documents/Lidar_based_MPC_CBF_github/LiDAR_based-MPC_CBF/install/lidar_clustring' for CMake config files
[1.049s] Level 1:colcon.colcon_core.environment:checking '/home/pouria/Documents/Lidar_based_MPC_CBF_github/LiDAR_based-MPC_CBF/install/lidar_clustring/lib'
[1.049s] Level 1:colcon.colcon_core.environment:checking '/home/pouria/Documents/Lidar_based_MPC_CBF_github/LiDAR_based-MPC_CBF/install/lidar_clustring/bin'
[1.049s] Level 1:colcon.colcon_core.environment:checking '/home/pouria/Documents/Lidar_based_MPC_CBF_github/LiDAR_based-MPC_CBF/install/lidar_clustring/lib/pkgconfig/lidar_clustring.pc'
[1.049s] Level 1:colcon.colcon_core.environment:checking '/home/pouria/Documents/Lidar_based_MPC_CBF_github/LiDAR_based-MPC_CBF/install/lidar_clustring/lib/python3.10/site-packages'
[1.049s] Level 1:colcon.colcon_core.shell:create_environment_hook('lidar_clustring', 'pythonpath')
[1.049s] INFO:colcon.colcon_core.shell:Creating environment hook '/home/pouria/Documents/Lidar_based_MPC_CBF_github/LiDAR_based-MPC_CBF/install/lidar_clustring/share/lidar_clustring/hook/pythonpath.ps1'
[1.050s] INFO:colcon.colcon_core.shell:Creating environment descriptor '/home/pouria/Documents/Lidar_based_MPC_CBF_github/LiDAR_based-MPC_CBF/install/lidar_clustring/share/lidar_clustring/hook/pythonpath.dsv'
[1.050s] INFO:colcon.colcon_core.shell:Creating environment hook '/home/pouria/Documents/Lidar_based_MPC_CBF_github/LiDAR_based-MPC_CBF/install/lidar_clustring/share/lidar_clustring/hook/pythonpath.sh'
[1.050s] Level 1:colcon.colcon_core.environment:checking '/home/pouria/Documents/Lidar_based_MPC_CBF_github/LiDAR_based-MPC_CBF/install/lidar_clustring/bin'
[1.050s] Level 1:colcon.colcon_core.environment:create_environment_scripts_only(lidar_clustring)
[1.050s] INFO:colcon.colcon_core.shell:Creating package script '/home/pouria/Documents/Lidar_based_MPC_CBF_github/LiDAR_based-MPC_CBF/install/lidar_clustring/share/lidar_clustring/package.ps1'
[1.051s] INFO:colcon.colcon_core.shell:Creating package descriptor '/home/pouria/Documents/Lidar_based_MPC_CBF_github/LiDAR_based-MPC_CBF/install/lidar_clustring/share/lidar_clustring/package.dsv'
[1.051s] INFO:colcon.colcon_core.shell:Creating package script '/home/pouria/Documents/Lidar_based_MPC_CBF_github/LiDAR_based-MPC_CBF/install/lidar_clustring/share/lidar_clustring/package.sh'
[1.052s] INFO:colcon.colcon_core.shell:Creating package script '/home/pouria/Documents/Lidar_based_MPC_CBF_github/LiDAR_based-MPC_CBF/install/lidar_clustring/share/lidar_clustring/package.bash'
[1.052s] INFO:colcon.colcon_core.shell:Creating package script '/home/pouria/Documents/Lidar_based_MPC_CBF_github/LiDAR_based-MPC_CBF/install/lidar_clustring/share/lidar_clustring/package.zsh'
[1.052s] Level 1:colcon.colcon_core.environment:create_file_with_runtime_dependencies(/home/pouria/Documents/Lidar_based_MPC_CBF_github/LiDAR_based-MPC_CBF/install/lidar_clustring/share/colcon-core/packages/lidar_clustring)
[1.053s] Level 1:colcon.colcon_core.environment:checking '/home/pouria/Documents/Lidar_based_MPC_CBF_github/LiDAR_based-MPC_CBF/install/controller' for CMake module files
[1.054s] DEBUG:colcon.colcon_core.event_handler.log_command:Invoked command in '/home/pouria/Documents/Lidar_based_MPC_CBF_github/LiDAR_based-MPC_CBF/src/controller' returned '0': PYTHONPATH=/home/pouria/Documents/Lidar_based_MPC_CBF_github/LiDAR_based-MPC_CBF/build/controller/prefix_override:/usr/lib/python3/dist-packages/colcon_core/task/python/colcon_distutils_commands:/home/pouria/Documents/Lidar_based_MPC_CBF_github/LiDAR_based-MPC_CBF/install/controller/lib/python3.10/site-packages:${PYTHONPATH} /usr/bin/python3 -W ignore:setup.py install is deprecated setup.py egg_info --egg-base ../../build/controller build --build-base /home/pouria/Documents/Lidar_based_MPC_CBF_github/LiDAR_based-MPC_CBF/build/controller/build install --record /home/pouria/Documents/Lidar_based_MPC_CBF_github/LiDAR_based-MPC_CBF/build/controller/install.log --single-version-externally-managed install_data
[1.054s] Level 1:colcon.colcon_core.environment:checking '/home/pouria/Documents/Lidar_based_MPC_CBF_github/LiDAR_based-MPC_CBF/install/controller' for CMake config files
[1.054s] Level 1:colcon.colcon_core.environment:checking '/home/pouria/Documents/Lidar_based_MPC_CBF_github/LiDAR_based-MPC_CBF/install/controller/lib'
[1.054s] Level 1:colcon.colcon_core.environment:checking '/home/pouria/Documents/Lidar_based_MPC_CBF_github/LiDAR_based-MPC_CBF/install/controller/bin'
[1.054s] Level 1:colcon.colcon_core.environment:checking '/home/pouria/Documents/Lidar_based_MPC_CBF_github/LiDAR_based-MPC_CBF/install/controller/lib/pkgconfig/controller.pc'
[1.055s] Level 1:colcon.colcon_core.environment:checking '/home/pouria/Documents/Lidar_based_MPC_CBF_github/LiDAR_based-MPC_CBF/install/controller/lib/python3.10/site-packages'
[1.055s] Level 1:colcon.colcon_core.shell:create_environment_hook('controller', 'pythonpath')
[1.055s] INFO:colcon.colcon_core.shell:Creating environment hook '/home/pouria/Documents/Lidar_based_MPC_CBF_github/LiDAR_based-MPC_CBF/install/controller/share/controller/hook/pythonpath.ps1'
[1.055s] INFO:colcon.colcon_core.shell:Creating environment descriptor '/home/pouria/Documents/Lidar_based_MPC_CBF_github/LiDAR_based-MPC_CBF/install/controller/share/controller/hook/pythonpath.dsv'
[1.055s] INFO:colcon.colcon_core.shell:Creating environment hook '/home/pouria/Documents/Lidar_based_MPC_CBF_github/LiDAR_based-MPC_CBF/install/controller/share/controller/hook/pythonpath.sh'
[1.055s] Level 1:colcon.colcon_core.environment:checking '/home/pouria/Documents/Lidar_based_MPC_CBF_github/LiDAR_based-MPC_CBF/install/controller/bin'
[1.055s] Level 1:colcon.colcon_core.environment:create_environment_scripts_only(controller)
[1.056s] INFO:colcon.colcon_core.shell:Creating package script '/home/pouria/Documents/Lidar_based_MPC_CBF_github/LiDAR_based-MPC_CBF/install/controller/share/controller/package.ps1'
[1.056s] INFO:colcon.colcon_core.shell:Creating package descriptor '/home/pouria/Documents/Lidar_based_MPC_CBF_github/LiDAR_based-MPC_CBF/install/controller/share/controller/package.dsv'
[1.056s] INFO:colcon.colcon_core.shell:Creating package script '/home/pouria/Documents/Lidar_based_MPC_CBF_github/LiDAR_based-MPC_CBF/install/controller/share/controller/package.sh'
[1.056s] INFO:colcon.colcon_core.shell:Creating package script '/home/pouria/Documents/Lidar_based_MPC_CBF_github/LiDAR_based-MPC_CBF/install/controller/share/controller/package.bash'
[1.057s] INFO:colcon.colcon_core.shell:Creating package script '/home/pouria/Documents/Lidar_based_MPC_CBF_github/LiDAR_based-MPC_CBF/install/controller/share/controller/package.zsh'
[1.057s] Level 1:colcon.colcon_core.environment:create_file_with_runtime_dependencies(/home/pouria/Documents/Lidar_based_MPC_CBF_github/LiDAR_based-MPC_CBF/install/controller/share/colcon-core/packages/controller)
[1.057s] DEBUG:colcon.colcon_parallel_executor.executor.parallel:closing loop
[1.057s] DEBUG:colcon.colcon_parallel_executor.executor.parallel:loop closed
[1.057s] DEBUG:colcon.colcon_parallel_executor.executor.parallel:run_until_complete finished with '0'
[1.057s] DEBUG:colcon.colcon_core.event_reactor:joining thread
[1.065s] INFO:colcon.colcon_core.plugin_system:Skipping extension 'colcon_notification.desktop_notification.terminal_notifier': Not used on non-Darwin systems
[1.065s] INFO:colcon.colcon_core.plugin_system:Skipping extension 'colcon_notification.desktop_notification.win32': Not used on non-Windows systems
[1.065s] INFO:colcon.colcon_notification.desktop_notification:Sending desktop notification using 'notify2'
[1.077s] DEBUG:colcon.colcon_core.event_reactor:joined thread
[1.077s] INFO:colcon.colcon_core.shell:Creating prefix script '/home/pouria/Documents/Lidar_based_MPC_CBF_github/LiDAR_based-MPC_CBF/install/local_setup.ps1'
[1.078s] INFO:colcon.colcon_core.shell:Creating prefix util module '/home/pouria/Documents/Lidar_based_MPC_CBF_github/LiDAR_based-MPC_CBF/install/_local_setup_util_ps1.py'
[1.079s] INFO:colcon.colcon_core.shell:Creating prefix chain script '/home/pouria/Documents/Lidar_based_MPC_CBF_github/LiDAR_based-MPC_CBF/install/setup.ps1'
[1.080s] INFO:colcon.colcon_core.shell:Creating prefix script '/home/pouria/Documents/Lidar_based_MPC_CBF_github/LiDAR_based-MPC_CBF/install/local_setup.sh'
[1.081s] INFO:colcon.colcon_core.shell:Creating prefix util module '/home/pouria/Documents/Lidar_based_MPC_CBF_github/LiDAR_based-MPC_CBF/install/_local_setup_util_sh.py'
[1.081s] INFO:colcon.colcon_core.shell:Creating prefix chain script '/home/pouria/Documents/Lidar_based_MPC_CBF_github/LiDAR_based-MPC_CBF/install/setup.sh'
[1.082s] INFO:colcon.colcon_core.shell:Creating prefix script '/home/pouria/Documents/Lidar_based_MPC_CBF_github/LiDAR_based-MPC_CBF/install/local_setup.bash'
[1.082s] INFO:colcon.colcon_core.shell:Creating prefix chain script '/home/pouria/Documents/Lidar_based_MPC_CBF_github/LiDAR_based-MPC_CBF/install/setup.bash'
[1.083s] INFO:colcon.colcon_core.shell:Creating prefix script '/home/pouria/Documents/Lidar_based_MPC_CBF_github/LiDAR_based-MPC_CBF/install/local_setup.zsh'
[1.084s] INFO:colcon.colcon_core.shell:Creating prefix chain script '/home/pouria/Documents/Lidar_based_MPC_CBF_github/LiDAR_based-MPC_CBF/install/setup.zsh'
