[0.599s] Invoking command in '/home/pouria/Documents/Lidar_based_MPC_CBF_github/LiDAR_based-MPC_CBF/src/controller': PYTHONPATH=/home/pouria/Documents/Lidar_based_MPC_CBF_github/LiDAR_based-MPC_CBF/build/controller/prefix_override:/usr/lib/python3/dist-packages/colcon_core/task/python/colcon_distutils_commands:/home/pouria/Documents/Lidar_based_MPC_CBF_github/LiDAR_based-MPC_CBF/install/controller/lib/python3.10/site-packages:${PYTHONPATH} /usr/bin/python3 -W ignore:setup.py install is deprecated setup.py egg_info --egg-base ../../build/controller build --build-base /home/pouria/Documents/Lidar_based_MPC_CBF_github/LiDAR_based-MPC_CBF/build/controller/build install --record /home/pouria/Documents/Lidar_based_MPC_CBF_github/LiDAR_based-MPC_CBF/build/controller/install.log --single-version-externally-managed install_data
[0.771s] running egg_info
[0.771s] writing ../../build/controller/controller.egg-info/PKG-INFO
[0.771s] writing dependency_links to ../../build/controller/controller.egg-info/dependency_links.txt
[0.771s] writing entry points to ../../build/controller/controller.egg-info/entry_points.txt
[0.772s] writing requirements to ../../build/controller/controller.egg-info/requires.txt
[0.772s] writing top-level names to ../../build/controller/controller.egg-info/top_level.txt
[0.772s] reading manifest file '../../build/controller/controller.egg-info/SOURCES.txt'
[0.773s] writing manifest file '../../build/controller/controller.egg-info/SOURCES.txt'
[0.773s] running build
[0.773s] running build_py
[0.773s] running install
[0.773s] running install_lib
[0.774s] running install_data
[0.774s] running install_egg_info
[0.775s] removing '/home/pouria/Documents/Lidar_based_MPC_CBF_github/LiDAR_based-MPC_CBF/install/controller/lib/python3.10/site-packages/controller-0.0.0-py3.10.egg-info' (and everything under it)
[0.776s] Copying ../../build/controller/controller.egg-info to /home/pouria/Documents/Lidar_based_MPC_CBF_github/LiDAR_based-MPC_CBF/install/controller/lib/python3.10/site-packages/controller-0.0.0-py3.10.egg-info
[0.776s] running install_scripts
[0.792s] Installing MPC_controller script to /home/pouria/Documents/Lidar_based_MPC_CBF_github/LiDAR_based-MPC_CBF/install/controller/lib/controller
[0.792s] writing list of installed files to '/home/pouria/Documents/Lidar_based_MPC_CBF_github/LiDAR_based-MPC_CBF/build/controller/install.log'
[0.809s] Invoked command in '/home/pouria/Documents/Lidar_based_MPC_CBF_github/LiDAR_based-MPC_CBF/src/controller' returned '0': PYTHONPATH=/home/pouria/Documents/Lidar_based_MPC_CBF_github/LiDAR_based-MPC_CBF/build/controller/prefix_override:/usr/lib/python3/dist-packages/colcon_core/task/python/colcon_distutils_commands:/home/pouria/Documents/Lidar_based_MPC_CBF_github/LiDAR_based-MPC_CBF/install/controller/lib/python3.10/site-packages:${PYTHONPATH} /usr/bin/python3 -W ignore:setup.py install is deprecated setup.py egg_info --egg-base ../../build/controller build --build-base /home/pouria/Documents/Lidar_based_MPC_CBF_github/LiDAR_based-MPC_CBF/build/controller/build install --record /home/pouria/Documents/Lidar_based_MPC_CBF_github/LiDAR_based-MPC_CBF/build/controller/install.log --single-version-externally-managed install_data
